<?xml version="1.0" encoding="UTF-8"?>
<testsuite name="hackerton.hackerton.HackertonApplicationTests" tests="1" skipped="0" failures="0" errors="0" timestamp="2023-08-10T10:44:13" hostname="nayeonjeong-ui-MacBookPro.local" time="0.382">
  <properties/>
  <testcase name="contextLoads()" classname="hackerton.hackerton.HackertonApplicationTests" time="0.382"/>
  <system-out><![CDATA[Standard Commons Logging discovery in action with spring-jcl: please remove commons-logging.jar from classpath in order to avoid potential conflicts

  .   ____          _            __ _ _
 /\\ / ___'_ __ _ _(_)_ __  __ _ \ \ \ \
( ( )\___ | '_ | '_| | '_ \/ _` | \ \ \ \
 \\/  ___)| |_)| | | | | || (_| |  ) ) ) )
  '  |____| .__|_| |_|_| |_\__, | / / / /
 =========|_|==============|___/=/_/_/_/
 :: Spring Boot ::                (v3.1.2)

2023-08-10T19:44:11.505+09:00  INFO 87812 --- [    Test worker] h.hackerton.HackertonApplicationTests    : Starting HackertonApplicationTests using Java 18.0.2.1 with PID 87812 (started by nayeonjeong in /Users/nayeonjeong/hackerton)
2023-08-10T19:44:11.507+09:00  INFO 87812 --- [    Test worker] h.hackerton.HackertonApplicationTests    : No active profile set, falling back to 1 default profile: "default"
2023-08-10T19:44:11.912+09:00  INFO 87812 --- [    Test worker] .s.d.r.c.RepositoryConfigurationDelegate : Bootstrapping Spring Data JPA repositories in DEFAULT mode.
2023-08-10T19:44:11.945+09:00  INFO 87812 --- [    Test worker] .s.d.r.c.RepositoryConfigurationDelegate : Finished Spring Data repository scanning in 28 ms. Found 1 JPA repository interfaces.
2023-08-10T19:44:12.209+09:00  INFO 87812 --- [    Test worker] o.hibernate.jpa.internal.util.LogHelper  : HHH000204: Processing PersistenceUnitInfo [name: default]
2023-08-10T19:44:12.245+09:00  INFO 87812 --- [    Test worker] org.hibernate.Version                    : HHH000412: Hibernate ORM core version 6.2.6.Final
2023-08-10T19:44:12.246+09:00  INFO 87812 --- [    Test worker] org.hibernate.cfg.Environment            : HHH000406: Using bytecode reflection optimizer
2023-08-10T19:44:12.330+09:00  INFO 87812 --- [    Test worker] o.h.b.i.BytecodeProviderInitiator        : HHH000021: Bytecode provider name : bytebuddy
2023-08-10T19:44:12.414+09:00  INFO 87812 --- [    Test worker] o.s.o.j.p.SpringPersistenceUnitInfo      : No LoadTimeWeaver setup: ignoring JPA class transformer
2023-08-10T19:44:12.425+09:00  INFO 87812 --- [    Test worker] com.zaxxer.hikari.HikariDataSource       : HikariPool-1 - Starting...
2023-08-10T19:44:12.547+09:00  INFO 87812 --- [    Test worker] com.zaxxer.hikari.pool.HikariPool        : HikariPool-1 - Added connection com.mysql.cj.jdbc.ConnectionImpl@19dac2d6
2023-08-10T19:44:12.549+09:00  INFO 87812 --- [    Test worker] com.zaxxer.hikari.HikariDataSource       : HikariPool-1 - Start completed.
2023-08-10T19:44:12.706+09:00  INFO 87812 --- [    Test worker] o.h.b.i.BytecodeProviderInitiator        : HHH000021: Bytecode provider name : bytebuddy
2023-08-10T19:44:13.073+09:00  INFO 87812 --- [    Test worker] o.h.e.t.j.p.i.JtaPlatformInitiator       : HHH000490: Using JtaPlatform implementation: [org.hibernate.engine.transaction.jta.platform.internal.NoJtaPlatform]
2023-08-10T19:44:13.115+09:00  INFO 87812 --- [    Test worker] j.LocalContainerEntityManagerFactoryBean : Initialized JPA EntityManagerFactory for persistence unit 'default'
2023-08-10T19:44:13.408+09:00  WARN 87812 --- [    Test worker] JpaBaseConfiguration$JpaWebConfiguration : spring.jpa.open-in-view is enabled by default. Therefore, database queries may be performed during view rendering. Explicitly configure spring.jpa.open-in-view to disable this warning
2023-08-10T19:44:13.512+09:00  INFO 87812 --- [    Test worker] o.s.b.a.w.s.WelcomePageHandlerMapping    : Adding welcome page: class path resource [static/index.html]
2023-08-10T19:44:13.632+09:00  INFO 87812 --- [    Test worker] h.hackerton.HackertonApplicationTests    : Started HackertonApplicationTests in 2.296 seconds (process running for 2.944)
]]></system-out>
  <system-err><![CDATA[]]></system-err>
</testsuite>
